2022-08-27 11:34 [main] INFO  com.QH.crm.CrmSbApplication[55] - Starting CrmSbApplication on LAPTOP-SS0MP0GN with PID 17204 (D:\06_LocalRepository\CRM_SB\target\classes started by Lenovo in D:\06_LocalRepository\CRM_SB)
2022-08-27 11:34 [main] INFO  com.QH.crm.CrmSbApplication[651] - No active profile set, falling back to default profiles: default
2022-08-27 11:34 [main] INFO  c.a.d.s.b.a.DruidDataSourceAutoConfigure[55] - Init DruidDataSource
2022-08-27 11:34 [main] INFO  com.alibaba.druid.pool.DruidDataSource[972] - {dataSource-1} inited
2022-08-27 11:34 [main] INFO  o.s.boot.web.embedded.tomcat.TomcatWebServer[92] - Tomcat initialized with port(s): 8088 (http)
2022-08-27 11:34 [main] INFO  org.apache.coyote.http11.Http11NioProtocol[173] - Initializing ProtocolHandler ["http-nio-8088"]
2022-08-27 11:34 [main] INFO  org.apache.catalina.core.StandardService[173] - Starting service [Tomcat]
2022-08-27 11:34 [main] INFO  org.apache.catalina.core.StandardEngine[173] - Starting Servlet engine: [Apache Tomcat/9.0.33]
2022-08-27 11:34 [main] INFO  org.apache.jasper.servlet.TldScanner[173] - At least one JAR was scanned for TLDs yet contained no TLDs. Enable debug logging for this logger for a complete list of JARs that were scanned but no TLDs were found in them. Skipping unneeded JARs during scanning can improve startup time and JSP compilation time.
2022-08-27 11:34 [main] INFO  o.a.c.c.ContainerBase.[Tomcat].[localhost].[/crm][173] - Initializing Spring embedded WebApplicationContext
2022-08-27 11:34 [main] INFO  org.springframework.web.context.ContextLoader[284] - Root WebApplicationContext: initialization completed in 1442 ms
2022-08-27 11:34 [main] INFO  o.s.scheduling.concurrent.ThreadPoolTaskExecutor[181] - Initializing ExecutorService 'applicationTaskExecutor'
2022-08-27 11:34 [main] INFO  o.s.b.a.web.servlet.WelcomePageHandlerMapping[58] - Adding welcome page template: index
2022-08-27 11:34 [main] INFO  org.apache.coyote.http11.Http11NioProtocol[173] - Starting ProtocolHandler ["http-nio-8088"]
2022-08-27 11:34 [main] INFO  o.s.boot.web.embedded.tomcat.TomcatWebServer[204] - Tomcat started on port(s): 8088 (http) with context path '/crm'
2022-08-27 11:34 [main] INFO  com.QH.crm.CrmSbApplication[61] - Started CrmSbApplication in 2.347 seconds (JVM running for 3.086)
2022-08-27 11:34 [http-nio-8088-exec-1] INFO  o.a.c.c.ContainerBase.[Tomcat].[localhost].[/crm][173] - Initializing Spring DispatcherServlet 'dispatcherServlet'
2022-08-27 11:34 [http-nio-8088-exec-1] INFO  org.springframework.web.servlet.DispatcherServlet[525] - Initializing Servlet 'dispatcherServlet'
2022-08-27 11:34 [http-nio-8088-exec-1] INFO  org.springframework.web.servlet.DispatcherServlet[547] - Completed initialization in 5 ms
2022-08-27 11:34 [http-nio-8088-exec-1] WARN  org.apache.catalina.util.SessionIdGeneratorBase[173] - Creation of SecureRandom instance for session ID generation using [SHA1PRNG] took [157] milliseconds.
2022-08-27 11:35 [SpringContextShutdownHook] INFO  o.s.scheduling.concurrent.ThreadPoolTaskExecutor[218] - Shutting down ExecutorService 'applicationTaskExecutor'
2022-08-27 11:35 [SpringContextShutdownHook] INFO  com.alibaba.druid.pool.DruidDataSource[2051] - {dataSource-1} closing ...
2022-08-27 11:35 [SpringContextShutdownHook] INFO  com.alibaba.druid.pool.DruidDataSource[2124] - {dataSource-1} closed
2022-08-27 17:34 [main] INFO  com.QH.crm.CrmSbApplication[55] - Starting CrmSbApplication on LAPTOP-SS0MP0GN with PID 19792 (D:\HOLY\Test\CRM_SB\target\classes started by Lenovo in D:\HOLY\Test\CRM_SB)
2022-08-27 17:34 [main] INFO  com.QH.crm.CrmSbApplication[651] - No active profile set, falling back to default profiles: default
2022-08-27 17:34 [main] INFO  c.a.d.s.b.a.DruidDataSourceAutoConfigure[55] - Init DruidDataSource
2022-08-27 17:34 [main] INFO  com.alibaba.druid.pool.DruidDataSource[972] - {dataSource-1} inited
2022-08-27 17:34 [main] INFO  o.s.boot.web.embedded.tomcat.TomcatWebServer[92] - Tomcat initialized with port(s): 9099 (http)
2022-08-27 17:34 [main] INFO  org.apache.coyote.http11.Http11NioProtocol[173] - Initializing ProtocolHandler ["http-nio-9099"]
2022-08-27 17:34 [main] INFO  org.apache.catalina.core.StandardService[173] - Starting service [Tomcat]
2022-08-27 17:34 [main] INFO  org.apache.catalina.core.StandardEngine[173] - Starting Servlet engine: [Apache Tomcat/9.0.33]
2022-08-27 17:34 [main] INFO  org.apache.jasper.servlet.TldScanner[173] - At least one JAR was scanned for TLDs yet contained no TLDs. Enable debug logging for this logger for a complete list of JARs that were scanned but no TLDs were found in them. Skipping unneeded JARs during scanning can improve startup time and JSP compilation time.
2022-08-27 17:34 [main] INFO  o.a.c.c.ContainerBase.[Tomcat].[localhost].[/crm][173] - Initializing Spring embedded WebApplicationContext
2022-08-27 17:34 [main] INFO  org.springframework.web.context.ContextLoader[284] - Root WebApplicationContext: initialization completed in 1735 ms
2022-08-27 17:34 [main] INFO  o.s.scheduling.concurrent.ThreadPoolTaskExecutor[181] - Initializing ExecutorService 'applicationTaskExecutor'
2022-08-27 17:34 [main] INFO  o.s.b.a.web.servlet.WelcomePageHandlerMapping[58] - Adding welcome page template: index
2022-08-27 17:34 [main] INFO  org.apache.coyote.http11.Http11NioProtocol[173] - Starting ProtocolHandler ["http-nio-9099"]
2022-08-27 17:34 [main] INFO  o.s.boot.web.embedded.tomcat.TomcatWebServer[204] - Tomcat started on port(s): 9099 (http) with context path '/crm'
2022-08-27 17:34 [main] INFO  com.QH.crm.CrmSbApplication[61] - Started CrmSbApplication in 2.999 seconds (JVM running for 3.757)
2022-08-27 17:36 [SpringContextShutdownHook] INFO  o.s.scheduling.concurrent.ThreadPoolTaskExecutor[218] - Shutting down ExecutorService 'applicationTaskExecutor'
2022-08-27 17:36 [SpringContextShutdownHook] INFO  com.alibaba.druid.pool.DruidDataSource[2051] - {dataSource-1} closing ...
2022-08-27 17:36 [SpringContextShutdownHook] INFO  com.alibaba.druid.pool.DruidDataSource[2124] - {dataSource-1} closed
2022-08-27 17:41 [main] INFO  com.QH.crm.CrmSbApplication[55] - Starting CrmSbApplication on LAPTOP-SS0MP0GN with PID 13336 (D:\HOLY\Test\CRM_SB\target\classes started by Lenovo in D:\HOLY\Test\CRM_SB)
2022-08-27 17:41 [main] INFO  com.QH.crm.CrmSbApplication[651] - No active profile set, falling back to default profiles: default
2022-08-27 17:41 [main] INFO  c.a.d.s.b.a.DruidDataSourceAutoConfigure[55] - Init DruidDataSource
2022-08-27 17:41 [main] INFO  com.alibaba.druid.pool.DruidDataSource[972] - {dataSource-1} inited
2022-08-27 17:41 [main] INFO  o.s.boot.web.embedded.tomcat.TomcatWebServer[92] - Tomcat initialized with port(s): 9099 (http)
2022-08-27 17:41 [main] INFO  org.apache.coyote.http11.Http11NioProtocol[173] - Initializing ProtocolHandler ["http-nio-9099"]
2022-08-27 17:41 [main] INFO  org.apache.catalina.core.StandardService[173] - Starting service [Tomcat]
2022-08-27 17:41 [main] INFO  org.apache.catalina.core.StandardEngine[173] - Starting Servlet engine: [Apache Tomcat/9.0.33]
2022-08-27 17:41 [main] INFO  org.apache.jasper.servlet.TldScanner[173] - At least one JAR was scanned for TLDs yet contained no TLDs. Enable debug logging for this logger for a complete list of JARs that were scanned but no TLDs were found in them. Skipping unneeded JARs during scanning can improve startup time and JSP compilation time.
2022-08-27 17:41 [main] INFO  o.a.c.c.ContainerBase.[Tomcat].[localhost].[/crm][173] - Initializing Spring embedded WebApplicationContext
2022-08-27 17:41 [main] INFO  org.springframework.web.context.ContextLoader[284] - Root WebApplicationContext: initialization completed in 1369 ms
2022-08-27 17:41 [main] INFO  o.s.scheduling.concurrent.ThreadPoolTaskExecutor[181] - Initializing ExecutorService 'applicationTaskExecutor'
2022-08-27 17:41 [main] INFO  o.s.b.a.web.servlet.WelcomePageHandlerMapping[58] - Adding welcome page template: index
2022-08-27 17:41 [main] INFO  org.apache.coyote.http11.Http11NioProtocol[173] - Starting ProtocolHandler ["http-nio-9099"]
2022-08-27 17:41 [main] INFO  o.s.boot.web.embedded.tomcat.TomcatWebServer[204] - Tomcat started on port(s): 9099 (http) with context path '/crm'
2022-08-27 17:41 [main] INFO  com.QH.crm.CrmSbApplication[61] - Started CrmSbApplication in 2.324 seconds (JVM running for 3.141)
2022-08-27 17:41 [http-nio-9099-exec-1] INFO  o.a.c.c.ContainerBase.[Tomcat].[localhost].[/crm][173] - Initializing Spring DispatcherServlet 'dispatcherServlet'
2022-08-27 17:41 [http-nio-9099-exec-1] INFO  org.springframework.web.servlet.DispatcherServlet[525] - Initializing Servlet 'dispatcherServlet'
2022-08-27 17:41 [http-nio-9099-exec-1] INFO  org.springframework.web.servlet.DispatcherServlet[547] - Completed initialization in 5 ms
2022-08-27 17:41 [http-nio-9099-exec-1] WARN  org.apache.catalina.util.SessionIdGeneratorBase[173] - Creation of SecureRandom instance for session ID generation using [SHA1PRNG] took [157] milliseconds.
2022-08-27 17:45 [SpringContextShutdownHook] INFO  o.s.scheduling.concurrent.ThreadPoolTaskExecutor[218] - Shutting down ExecutorService 'applicationTaskExecutor'
2022-08-27 17:45 [SpringContextShutdownHook] INFO  com.alibaba.druid.pool.DruidDataSource[2051] - {dataSource-1} closing ...
2022-08-27 17:45 [SpringContextShutdownHook] INFO  com.alibaba.druid.pool.DruidDataSource[2124] - {dataSource-1} closed
2022-08-27 17:45 [main] INFO  com.QH.crm.CrmSbApplication[55] - Starting CrmSbApplication on LAPTOP-SS0MP0GN with PID 18320 (D:\06_LocalRepository\CRM_SB\target\classes started by Lenovo in D:\06_LocalRepository\CRM_SB)
2022-08-27 17:45 [main] INFO  com.QH.crm.CrmSbApplication[651] - No active profile set, falling back to default profiles: default
2022-08-27 17:45 [main] INFO  c.a.d.s.b.a.DruidDataSourceAutoConfigure[55] - Init DruidDataSource
2022-08-27 17:45 [main] INFO  com.alibaba.druid.pool.DruidDataSource[972] - {dataSource-1} inited
2022-08-27 17:45 [main] INFO  o.s.boot.web.embedded.tomcat.TomcatWebServer[92] - Tomcat initialized with port(s): 8088 (http)
2022-08-27 17:45 [main] INFO  org.apache.coyote.http11.Http11NioProtocol[173] - Initializing ProtocolHandler ["http-nio-8088"]
2022-08-27 17:45 [main] INFO  org.apache.catalina.core.StandardService[173] - Starting service [Tomcat]
2022-08-27 17:45 [main] INFO  org.apache.catalina.core.StandardEngine[173] - Starting Servlet engine: [Apache Tomcat/9.0.33]
2022-08-27 17:45 [main] INFO  org.apache.jasper.servlet.TldScanner[173] - At least one JAR was scanned for TLDs yet contained no TLDs. Enable debug logging for this logger for a complete list of JARs that were scanned but no TLDs were found in them. Skipping unneeded JARs during scanning can improve startup time and JSP compilation time.
2022-08-27 17:45 [main] INFO  o.a.c.c.ContainerBase.[Tomcat].[localhost].[/crm][173] - Initializing Spring embedded WebApplicationContext
2022-08-27 17:45 [main] INFO  org.springframework.web.context.ContextLoader[284] - Root WebApplicationContext: initialization completed in 1370 ms
2022-08-27 17:45 [main] INFO  o.s.scheduling.concurrent.ThreadPoolTaskExecutor[181] - Initializing ExecutorService 'applicationTaskExecutor'
2022-08-27 17:45 [main] INFO  o.s.b.a.web.servlet.WelcomePageHandlerMapping[58] - Adding welcome page template: index
2022-08-27 17:45 [main] INFO  org.apache.coyote.http11.Http11NioProtocol[173] - Starting ProtocolHandler ["http-nio-8088"]
2022-08-27 17:45 [main] INFO  o.s.boot.web.embedded.tomcat.TomcatWebServer[204] - Tomcat started on port(s): 8088 (http) with context path '/crm'
2022-08-27 17:45 [main] INFO  com.QH.crm.CrmSbApplication[61] - Started CrmSbApplication in 2.254 seconds (JVM running for 2.92)
2022-08-27 17:46 [http-nio-8088-exec-1] INFO  o.a.c.c.ContainerBase.[Tomcat].[localhost].[/crm][173] - Initializing Spring DispatcherServlet 'dispatcherServlet'
2022-08-27 17:46 [http-nio-8088-exec-1] INFO  org.springframework.web.servlet.DispatcherServlet[525] - Initializing Servlet 'dispatcherServlet'
2022-08-27 17:46 [http-nio-8088-exec-1] INFO  org.springframework.web.servlet.DispatcherServlet[547] - Completed initialization in 5 ms
2022-08-27 17:46 [http-nio-8088-exec-1] WARN  org.apache.catalina.util.SessionIdGeneratorBase[173] - Creation of SecureRandom instance for session ID generation using [SHA1PRNG] took [152] milliseconds.
2022-08-27 17:58 [SpringContextShutdownHook] INFO  o.s.scheduling.concurrent.ThreadPoolTaskExecutor[218] - Shutting down ExecutorService 'applicationTaskExecutor'
2022-08-27 17:58 [SpringContextShutdownHook] INFO  com.alibaba.druid.pool.DruidDataSource[2051] - {dataSource-1} closing ...
2022-08-27 17:58 [SpringContextShutdownHook] INFO  com.alibaba.druid.pool.DruidDataSource[2124] - {dataSource-1} closed
2022-08-27 18:35 [main] INFO  com.QH.crm.CrmSbApplication[55] - Starting CrmSbApplication on LAPTOP-SS0MP0GN with PID 19256 (D:\06_LocalRepository\CRM_SB\target\classes started by Lenovo in D:\06_LocalRepository\CRM_SB)
2022-08-27 18:35 [main] INFO  com.QH.crm.CrmSbApplication[651] - No active profile set, falling back to default profiles: default
2022-08-27 18:35 [main] INFO  c.a.d.s.b.a.DruidDataSourceAutoConfigure[55] - Init DruidDataSource
2022-08-27 18:35 [main] ERROR com.alibaba.druid.pool.DruidDataSource[905] - init datasource error, url: jdbc:mysql://localhost:3306/crm2008?useUnicode=true&characterEncoding=UTF-8&useJDBCCompliantTimezoneShift=true&useLegacyDatetimeCode=false&serverTimezone=UTC
com.mysql.cj.jdbc.exceptions.CommunicationsException: Communications link failure

The last packet sent successfully to the server was 0 milliseconds ago. The driver has not received any packets from the server.
	at com.mysql.cj.jdbc.exceptions.SQLError.createCommunicationsException(SQLError.java:174)
	at com.mysql.cj.jdbc.exceptions.SQLExceptionsMapping.translateException(SQLExceptionsMapping.java:64)
	at com.mysql.cj.jdbc.ConnectionImpl.createNewIO(ConnectionImpl.java:829)
	at com.mysql.cj.jdbc.ConnectionImpl.<init>(ConnectionImpl.java:449)
	at com.mysql.cj.jdbc.ConnectionImpl.getInstance(ConnectionImpl.java:242)
	at com.mysql.cj.jdbc.NonRegisteringDriver.connect(NonRegisteringDriver.java:198)
	at com.alibaba.druid.filter.FilterChainImpl.connection_connect(FilterChainImpl.java:118)
	at com.alibaba.druid.filter.FilterAdapter.connection_connect(FilterAdapter.java:764)
	at com.alibaba.druid.filter.FilterEventAdapter.connection_connect(FilterEventAdapter.java:33)
	at com.alibaba.druid.filter.FilterChainImpl.connection_connect(FilterChainImpl.java:112)
	at com.alibaba.druid.filter.FilterAdapter.connection_connect(FilterAdapter.java:764)
	at com.alibaba.druid.filter.FilterChainImpl.connection_connect(FilterChainImpl.java:112)
	at com.alibaba.druid.filter.stat.StatFilter.connection_connect(StatFilter.java:232)
	at com.alibaba.druid.filter.FilterChainImpl.connection_connect(FilterChainImpl.java:112)
	at com.alibaba.druid.pool.DruidAbstractDataSource.createPhysicalConnection(DruidAbstractDataSource.java:1645)
	at com.alibaba.druid.pool.DruidAbstractDataSource.createPhysicalConnection(DruidAbstractDataSource.java:1709)
	at com.alibaba.druid.pool.DruidDataSource.init(DruidDataSource.java:901)
	at java.base/jdk.internal.reflect.NativeMethodAccessorImpl.invoke0(Native Method)
	at java.base/jdk.internal.reflect.NativeMethodAccessorImpl.invoke(NativeMethodAccessorImpl.java:62)
	at java.base/jdk.internal.reflect.DelegatingMethodAccessorImpl.invoke(DelegatingMethodAccessorImpl.java:43)
	at java.base/java.lang.reflect.Method.invoke(Method.java:566)
	at org.springframework.beans.factory.support.AbstractAutowireCapableBeanFactory.invokeCustomInitMethod(AbstractAutowireCapableBeanFactory.java:1922)
	at org.springframework.beans.factory.support.AbstractAutowireCapableBeanFactory.invokeInitMethods(AbstractAutowireCapableBeanFactory.java:1864)
	at org.springframework.beans.factory.support.AbstractAutowireCapableBeanFactory.initializeBean(AbstractAutowireCapableBeanFactory.java:1792)
	at org.springframework.beans.factory.support.AbstractAutowireCapableBeanFactory.doCreateBean(AbstractAutowireCapableBeanFactory.java:595)
	at org.springframework.beans.factory.support.AbstractAutowireCapableBeanFactory.createBean(AbstractAutowireCapableBeanFactory.java:517)
	at org.springframework.beans.factory.support.AbstractBeanFactory.lambda$doGetBean$0(AbstractBeanFactory.java:323)
	at org.springframework.beans.factory.support.DefaultSingletonBeanRegistry.getSingleton(DefaultSingletonBeanRegistry.java:222)
	at org.springframework.beans.factory.support.AbstractBeanFactory.doGetBean(AbstractBeanFactory.java:321)
	at org.springframework.beans.factory.support.AbstractBeanFactory.getBean(AbstractBeanFactory.java:202)
	at org.springframework.beans.factory.config.DependencyDescriptor.resolveCandidate(DependencyDescriptor.java:276)
	at org.springframework.beans.factory.support.DefaultListableBeanFactory.doResolveDependency(DefaultListableBeanFactory.java:1290)
	at org.springframework.beans.factory.support.DefaultListableBeanFactory.resolveDependency(DefaultListableBeanFactory.java:1210)
	at org.springframework.beans.factory.support.ConstructorResolver.resolveAutowiredArgument(ConstructorResolver.java:885)
	at org.springframework.beans.factory.support.ConstructorResolver.createArgumentArray(ConstructorResolver.java:789)
	at org.springframework.beans.factory.support.ConstructorResolver.instantiateUsingFactoryMethod(ConstructorResolver.java:539)
	at org.springframework.beans.factory.support.AbstractAutowireCapableBeanFactory.instantiateUsingFactoryMethod(AbstractAutowireCapableBeanFactory.java:1338)
	at org.springframework.beans.factory.support.AbstractAutowireCapableBeanFactory.createBeanInstance(AbstractAutowireCapableBeanFactory.java:1177)
	at org.springframework.beans.factory.support.AbstractAutowireCapableBeanFactory.doCreateBean(AbstractAutowireCapableBeanFactory.java:557)
	at org.springframework.beans.factory.support.AbstractAutowireCapableBeanFactory.createBean(AbstractAutowireCapableBeanFactory.java:517)
	at org.springframework.beans.factory.support.AbstractBeanFactory.lambda$doGetBean$0(AbstractBeanFactory.java:323)
	at org.springframework.beans.factory.support.DefaultSingletonBeanRegistry.getSingleton(DefaultSingletonBeanRegistry.java:222)
	at org.springframework.beans.factory.support.AbstractBeanFactory.doGetBean(AbstractBeanFactory.java:321)
	at org.springframework.beans.factory.support.AbstractBeanFactory.getBean(AbstractBeanFactory.java:202)
	at org.springframework.beans.factory.config.DependencyDescriptor.resolveCandidate(DependencyDescriptor.java:276)
	at org.springframework.beans.factory.support.DefaultListableBeanFactory.doResolveDependency(DefaultListableBeanFactory.java:1290)
	at org.springframework.beans.factory.support.DefaultListableBeanFactory.resolveDependency(DefaultListableBeanFactory.java:1210)
	at org.springframework.beans.factory.annotation.AutowiredAnnotationBeanPostProcessor$AutowiredFieldElement.inject(AutowiredAnnotationBeanPostProcessor.java:640)
	at org.springframework.beans.factory.annotation.InjectionMetadata.inject(InjectionMetadata.java:130)
	at org.springframework.beans.factory.annotation.AutowiredAnnotationBeanPostProcessor.postProcessProperties(AutowiredAnnotationBeanPostProcessor.java:399)
	at org.springframework.beans.factory.support.AbstractAutowireCapableBeanFactory.populateBean(AbstractAutowireCapableBeanFactory.java:1422)
	at org.springframework.beans.factory.support.AbstractAutowireCapableBeanFactory.doCreateBean(AbstractAutowireCapableBeanFactory.java:594)
	at org.springframework.beans.factory.support.AbstractAutowireCapableBeanFactory.createBean(AbstractAutowireCapableBeanFactory.java:517)
	at org.springframework.beans.factory.support.AbstractBeanFactory.lambda$doGetBean$0(AbstractBeanFactory.java:323)
	at org.springframework.beans.factory.support.DefaultSingletonBeanRegistry.getSingleton(DefaultSingletonBeanRegistry.java:222)
	at org.springframework.beans.factory.support.AbstractBeanFactory.doGetBean(AbstractBeanFactory.java:321)
	at org.springframework.beans.factory.support.AbstractBeanFactory.getBean(AbstractBeanFactory.java:202)
	at org.springframework.beans.factory.support.ConstructorResolver.instantiateUsingFactoryMethod(ConstructorResolver.java:409)
	at org.springframework.beans.factory.support.AbstractAutowireCapableBeanFactory.instantiateUsingFactoryMethod(AbstractAutowireCapableBeanFactory.java:1338)
	at org.springframework.beans.factory.support.AbstractAutowireCapableBeanFactory.createBeanInstance(AbstractAutowireCapableBeanFactory.java:1177)
	at org.springframework.beans.factory.support.AbstractAutowireCapableBeanFactory.doCreateBean(AbstractAutowireCapableBeanFactory.java:557)
	at org.springframework.beans.factory.support.AbstractAutowireCapableBeanFactory.createBean(AbstractAutowireCapableBeanFactory.java:517)
	at org.springframework.beans.factory.support.AbstractBeanFactory.lambda$doGetBean$0(AbstractBeanFactory.java:323)
	at org.springframework.beans.factory.support.DefaultSingletonBeanRegistry.getSingleton(DefaultSingletonBeanRegistry.java:222)
	at org.springframework.beans.factory.support.AbstractBeanFactory.doGetBean(AbstractBeanFactory.java:321)
	at org.springframework.beans.factory.support.AbstractBeanFactory.getBean(AbstractBeanFactory.java:207)
	at org.springframework.aop.framework.autoproxy.BeanFactoryAdvisorRetrievalHelper.findAdvisorBeans(BeanFactoryAdvisorRetrievalHelper.java:91)
	at org.springframework.aop.framework.autoproxy.AbstractAdvisorAutoProxyCreator.findCandidateAdvisors(AbstractAdvisorAutoProxyCreator.java:109)
	at org.springframework.aop.aspectj.annotation.AnnotationAwareAspectJAutoProxyCreator.findCandidateAdvisors(AnnotationAwareAspectJAutoProxyCreator.java:92)
	at org.springframework.aop.aspectj.autoproxy.AspectJAwareAdvisorAutoProxyCreator.shouldSkip(AspectJAwareAdvisorAutoProxyCreator.java:101)
	at org.springframework.aop.framework.autoproxy.AbstractAutoProxyCreator.postProcessBeforeInstantiation(AbstractAutoProxyCreator.java:251)
	at org.springframework.beans.factory.support.AbstractAutowireCapableBeanFactory.applyBeanPostProcessorsBeforeInstantiation(AbstractAutowireCapableBeanFactory.java:1141)
	at org.springframework.beans.factory.support.AbstractAutowireCapableBeanFactory.resolveBeforeInstantiation(AbstractAutowireCapableBeanFactory.java:1114)
	at org.springframework.beans.factory.support.AbstractAutowireCapableBeanFactory.createBean(AbstractAutowireCapableBeanFactory.java:506)
	at org.springframework.beans.factory.support.AbstractBeanFactory.lambda$doGetBean$0(AbstractBeanFactory.java:323)
	at org.springframework.beans.factory.support.DefaultSingletonBeanRegistry.getSingleton(DefaultSingletonBeanRegistry.java:222)
	at org.springframework.beans.factory.support.AbstractBeanFactory.doGetBean(AbstractBeanFactory.java:321)
	at org.springframework.beans.factory.support.AbstractBeanFactory.getBean(AbstractBeanFactory.java:207)
	at org.springframework.boot.web.servlet.context.ServletWebServerApplicationContext.getWebServerFactory(ServletWebServerApplicationContext.java:210)
	at org.springframework.boot.web.servlet.context.ServletWebServerApplicationContext.createWebServer(ServletWebServerApplicationContext.java:179)
	at org.springframework.boot.web.servlet.context.ServletWebServerApplicationContext.onRefresh(ServletWebServerApplicationContext.java:153)
	at org.springframework.context.support.AbstractApplicationContext.refresh(AbstractApplicationContext.java:544)
	at org.springframework.boot.web.servlet.context.ServletWebServerApplicationContext.refresh(ServletWebServerApplicationContext.java:141)
	at org.springframework.boot.SpringApplication.refresh(SpringApplication.java:747)
	at org.springframework.boot.SpringApplication.refreshContext(SpringApplication.java:397)
	at org.springframework.boot.SpringApplication.run(SpringApplication.java:315)
	at org.springframework.boot.SpringApplication.run(SpringApplication.java:1226)
	at org.springframework.boot.SpringApplication.run(SpringApplication.java:1215)
	at com.QH.crm.CrmSbApplication.main(CrmSbApplication.java:12)
Caused by: com.mysql.cj.exceptions.CJCommunicationsException: Communications link failure

The last packet sent successfully to the server was 0 milliseconds ago. The driver has not received any packets from the server.
	at java.base/jdk.internal.reflect.NativeConstructorAccessorImpl.newInstance0(Native Method)
	at java.base/jdk.internal.reflect.NativeConstructorAccessorImpl.newInstance(NativeConstructorAccessorImpl.java:62)
	at java.base/jdk.internal.reflect.DelegatingConstructorAccessorImpl.newInstance(DelegatingConstructorAccessorImpl.java:45)
	at java.base/java.lang.reflect.Constructor.newInstance(Constructor.java:490)
	at com.mysql.cj.exceptions.ExceptionFactory.createException(ExceptionFactory.java:61)
	at com.mysql.cj.exceptions.ExceptionFactory.createException(ExceptionFactory.java:105)
	at com.mysql.cj.exceptions.ExceptionFactory.createException(ExceptionFactory.java:151)
	at com.mysql.cj.exceptions.ExceptionFactory.createCommunicationsException(ExceptionFactory.java:167)
	at com.mysql.cj.protocol.a.NativeSocketConnection.connect(NativeSocketConnection.java:89)
	at com.mysql.cj.NativeSession.connect(NativeSession.java:120)
	at com.mysql.cj.jdbc.ConnectionImpl.connectOneTryOnly(ConnectionImpl.java:949)
	at com.mysql.cj.jdbc.ConnectionImpl.createNewIO(ConnectionImpl.java:819)
	... 86 common frames omitted
Caused by: java.net.ConnectException: Connection refused: connect
	at java.base/java.net.PlainSocketImpl.connect0(Native Method)
	at java.base/java.net.PlainSocketImpl.socketConnect(PlainSocketImpl.java:101)
	at java.base/java.net.AbstractPlainSocketImpl.doConnect(AbstractPlainSocketImpl.java:412)
	at java.base/java.net.AbstractPlainSocketImpl.connectToAddress(AbstractPlainSocketImpl.java:255)
	at java.base/java.net.AbstractPlainSocketImpl.connect(AbstractPlainSocketImpl.java:237)
	at java.base/java.net.SocksSocketImpl.connect(SocksSocketImpl.java:392)
	at java.base/java.net.Socket.connect(Socket.java:608)
	at com.mysql.cj.protocol.StandardSocketFactory.connect(StandardSocketFactory.java:156)
	at com.mysql.cj.protocol.a.NativeSocketConnection.connect(NativeSocketConnection.java:63)
	... 89 common frames omitted
2022-08-27 18:35 [main] ERROR com.alibaba.druid.pool.DruidDataSource[947] - {dataSource-1} init error
com.mysql.cj.jdbc.exceptions.CommunicationsException: Communications link failure

The last packet sent successfully to the server was 0 milliseconds ago. The driver has not received any packets from the server.
	at com.mysql.cj.jdbc.exceptions.SQLError.createCommunicationsException(SQLError.java:174)
	at com.mysql.cj.jdbc.exceptions.SQLExceptionsMapping.translateException(SQLExceptionsMapping.java:64)
	at com.mysql.cj.jdbc.ConnectionImpl.createNewIO(ConnectionImpl.java:829)
	at com.mysql.cj.jdbc.ConnectionImpl.<init>(ConnectionImpl.java:449)
	at com.mysql.cj.jdbc.ConnectionImpl.getInstance(ConnectionImpl.java:242)
	at com.mysql.cj.jdbc.NonRegisteringDriver.connect(NonRegisteringDriver.java:198)
	at com.alibaba.druid.filter.FilterChainImpl.connection_connect(FilterChainImpl.java:118)
	at com.alibaba.druid.filter.FilterAdapter.connection_connect(FilterAdapter.java:764)
	at com.alibaba.druid.filter.FilterEventAdapter.connection_connect(FilterEventAdapter.java:33)
	at com.alibaba.druid.filter.FilterChainImpl.connection_connect(FilterChainImpl.java:112)
	at com.alibaba.druid.filter.FilterAdapter.connection_connect(FilterAdapter.java:764)
	at com.alibaba.druid.filter.FilterChainImpl.connection_connect(FilterChainImpl.java:112)
	at com.alibaba.druid.filter.stat.StatFilter.connection_connect(StatFilter.java:232)
	at com.alibaba.druid.filter.FilterChainImpl.connection_connect(FilterChainImpl.java:112)
	at com.alibaba.druid.pool.DruidAbstractDataSource.createPhysicalConnection(DruidAbstractDataSource.java:1645)
	at com.alibaba.druid.pool.DruidAbstractDataSource.createPhysicalConnection(DruidAbstractDataSource.java:1709)
	at com.alibaba.druid.pool.DruidDataSource.init(DruidDataSource.java:901)
	at java.base/jdk.internal.reflect.NativeMethodAccessorImpl.invoke0(Native Method)
	at java.base/jdk.internal.reflect.NativeMethodAccessorImpl.invoke(NativeMethodAccessorImpl.java:62)
	at java.base/jdk.internal.reflect.DelegatingMethodAccessorImpl.invoke(DelegatingMethodAccessorImpl.java:43)
	at java.base/java.lang.reflect.Method.invoke(Method.java:566)
	at org.springframework.beans.factory.support.AbstractAutowireCapableBeanFactory.invokeCustomInitMethod(AbstractAutowireCapableBeanFactory.java:1922)
	at org.springframework.beans.factory.support.AbstractAutowireCapableBeanFactory.invokeInitMethods(AbstractAutowireCapableBeanFactory.java:1864)
	at org.springframework.beans.factory.support.AbstractAutowireCapableBeanFactory.initializeBean(AbstractAutowireCapableBeanFactory.java:1792)
	at org.springframework.beans.factory.support.AbstractAutowireCapableBeanFactory.doCreateBean(AbstractAutowireCapableBeanFactory.java:595)
	at org.springframework.beans.factory.support.AbstractAutowireCapableBeanFactory.createBean(AbstractAutowireCapableBeanFactory.java:517)
	at org.springframework.beans.factory.support.AbstractBeanFactory.lambda$doGetBean$0(AbstractBeanFactory.java:323)
	at org.springframework.beans.factory.support.DefaultSingletonBeanRegistry.getSingleton(DefaultSingletonBeanRegistry.java:222)
	at org.springframework.beans.factory.support.AbstractBeanFactory.doGetBean(AbstractBeanFactory.java:321)
	at org.springframework.beans.factory.support.AbstractBeanFactory.getBean(AbstractBeanFactory.java:202)
	at org.springframework.beans.factory.config.DependencyDescriptor.resolveCandidate(DependencyDescriptor.java:276)
	at org.springframework.beans.factory.support.DefaultListableBeanFactory.doResolveDependency(DefaultListableBeanFactory.java:1290)
	at org.springframework.beans.factory.support.DefaultListableBeanFactory.resolveDependency(DefaultListableBeanFactory.java:1210)
	at org.springframework.beans.factory.support.ConstructorResolver.resolveAutowiredArgument(ConstructorResolver.java:885)
	at org.springframework.beans.factory.support.ConstructorResolver.createArgumentArray(ConstructorResolver.java:789)
	at org.springframework.beans.factory.support.ConstructorResolver.instantiateUsingFactoryMethod(ConstructorResolver.java:539)
	at org.springframework.beans.factory.support.AbstractAutowireCapableBeanFactory.instantiateUsingFactoryMethod(AbstractAutowireCapableBeanFactory.java:1338)
	at org.springframework.beans.factory.support.AbstractAutowireCapableBeanFactory.createBeanInstance(AbstractAutowireCapableBeanFactory.java:1177)
	at org.springframework.beans.factory.support.AbstractAutowireCapableBeanFactory.doCreateBean(AbstractAutowireCapableBeanFactory.java:557)
	at org.springframework.beans.factory.support.AbstractAutowireCapableBeanFactory.createBean(AbstractAutowireCapableBeanFactory.java:517)
	at org.springframework.beans.factory.support.AbstractBeanFactory.lambda$doGetBean$0(AbstractBeanFactory.java:323)
	at org.springframework.beans.factory.support.DefaultSingletonBeanRegistry.getSingleton(DefaultSingletonBeanRegistry.java:222)
	at org.springframework.beans.factory.support.AbstractBeanFactory.doGetBean(AbstractBeanFactory.java:321)
	at org.springframework.beans.factory.support.AbstractBeanFactory.getBean(AbstractBeanFactory.java:202)
	at org.springframework.beans.factory.config.DependencyDescriptor.resolveCandidate(DependencyDescriptor.java:276)
	at org.springframework.beans.factory.support.DefaultListableBeanFactory.doResolveDependency(DefaultListableBeanFactory.java:1290)
	at org.springframework.beans.factory.support.DefaultListableBeanFactory.resolveDependency(DefaultListableBeanFactory.java:1210)
	at org.springframework.beans.factory.annotation.AutowiredAnnotationBeanPostProcessor$AutowiredFieldElement.inject(AutowiredAnnotationBeanPostProcessor.java:640)
	at org.springframework.beans.factory.annotation.InjectionMetadata.inject(InjectionMetadata.java:130)
	at org.springframework.beans.factory.annotation.AutowiredAnnotationBeanPostProcessor.postProcessProperties(AutowiredAnnotationBeanPostProcessor.java:399)
	at org.springframework.beans.factory.support.AbstractAutowireCapableBeanFactory.populateBean(AbstractAutowireCapableBeanFactory.java:1422)
	at org.springframework.beans.factory.support.AbstractAutowireCapableBeanFactory.doCreateBean(AbstractAutowireCapableBeanFactory.java:594)
	at org.springframework.beans.factory.support.AbstractAutowireCapableBeanFactory.createBean(AbstractAutowireCapableBeanFactory.java:517)
	at org.springframework.beans.factory.support.AbstractBeanFactory.lambda$doGetBean$0(AbstractBeanFactory.java:323)
	at org.springframework.beans.factory.support.DefaultSingletonBeanRegistry.getSingleton(DefaultSingletonBeanRegistry.java:222)
	at org.springframework.beans.factory.support.AbstractBeanFactory.doGetBean(AbstractBeanFactory.java:321)
	at org.springframework.beans.factory.support.AbstractBeanFactory.getBean(AbstractBeanFactory.java:202)
	at org.springframework.beans.factory.support.ConstructorResolver.instantiateUsingFactoryMethod(ConstructorResolver.java:409)
	at org.springframework.beans.factory.support.AbstractAutowireCapableBeanFactory.instantiateUsingFactoryMethod(AbstractAutowireCapableBeanFactory.java:1338)
	at org.springframework.beans.factory.support.AbstractAutowireCapableBeanFactory.createBeanInstance(AbstractAutowireCapableBeanFactory.java:1177)
	at org.springframework.beans.factory.support.AbstractAutowireCapableBeanFactory.doCreateBean(AbstractAutowireCapableBeanFactory.java:557)
	at org.springframework.beans.factory.support.AbstractAutowireCapableBeanFactory.createBean(AbstractAutowireCapableBeanFactory.java:517)
	at org.springframework.beans.factory.support.AbstractBeanFactory.lambda$doGetBean$0(AbstractBeanFactory.java:323)
	at org.springframework.beans.factory.support.DefaultSingletonBeanRegistry.getSingleton(DefaultSingletonBeanRegistry.java:222)
	at org.springframework.beans.factory.support.AbstractBeanFactory.doGetBean(AbstractBeanFactory.java:321)
	at org.springframework.beans.factory.support.AbstractBeanFactory.getBean(AbstractBeanFactory.java:207)
	at org.springframework.aop.framework.autoproxy.BeanFactoryAdvisorRetrievalHelper.findAdvisorBeans(BeanFactoryAdvisorRetrievalHelper.java:91)
	at org.springframework.aop.framework.autoproxy.AbstractAdvisorAutoProxyCreator.findCandidateAdvisors(AbstractAdvisorAutoProxyCreator.java:109)
	at org.springframework.aop.aspectj.annotation.AnnotationAwareAspectJAutoProxyCreator.findCandidateAdvisors(AnnotationAwareAspectJAutoProxyCreator.java:92)
	at org.springframework.aop.aspectj.autoproxy.AspectJAwareAdvisorAutoProxyCreator.shouldSkip(AspectJAwareAdvisorAutoProxyCreator.java:101)
	at org.springframework.aop.framework.autoproxy.AbstractAutoProxyCreator.postProcessBeforeInstantiation(AbstractAutoProxyCreator.java:251)
	at org.springframework.beans.factory.support.AbstractAutowireCapableBeanFactory.applyBeanPostProcessorsBeforeInstantiation(AbstractAutowireCapableBeanFactory.java:1141)
	at org.springframework.beans.factory.support.AbstractAutowireCapableBeanFactory.resolveBeforeInstantiation(AbstractAutowireCapableBeanFactory.java:1114)
	at org.springframework.beans.factory.support.AbstractAutowireCapableBeanFactory.createBean(AbstractAutowireCapableBeanFactory.java:506)
	at org.springframework.beans.factory.support.AbstractBeanFactory.lambda$doGetBean$0(AbstractBeanFactory.java:323)
	at org.springframework.beans.factory.support.DefaultSingletonBeanRegistry.getSingleton(DefaultSingletonBeanRegistry.java:222)
	at org.springframework.beans.factory.support.AbstractBeanFactory.doGetBean(AbstractBeanFactory.java:321)
	at org.springframework.beans.factory.support.AbstractBeanFactory.getBean(AbstractBeanFactory.java:207)
	at org.springframework.boot.web.servlet.context.ServletWebServerApplicationContext.getWebServerFactory(ServletWebServerApplicationContext.java:210)
	at org.springframework.boot.web.servlet.context.ServletWebServerApplicationContext.createWebServer(ServletWebServerApplicationContext.java:179)
	at org.springframework.boot.web.servlet.context.ServletWebServerApplicationContext.onRefresh(ServletWebServerApplicationContext.java:153)
	at org.springframework.context.support.AbstractApplicationContext.refresh(AbstractApplicationContext.java:544)
	at org.springframework.boot.web.servlet.context.ServletWebServerApplicationContext.refresh(ServletWebServerApplicationContext.java:141)
	at org.springframework.boot.SpringApplication.refresh(SpringApplication.java:747)
	at org.springframework.boot.SpringApplication.refreshContext(SpringApplication.java:397)
	at org.springframework.boot.SpringApplication.run(SpringApplication.java:315)
	at org.springframework.boot.SpringApplication.run(SpringApplication.java:1226)
	at org.springframework.boot.SpringApplication.run(SpringApplication.java:1215)
	at com.QH.crm.CrmSbApplication.main(CrmSbApplication.java:12)
Caused by: com.mysql.cj.exceptions.CJCommunicationsException: Communications link failure

The last packet sent successfully to the server was 0 milliseconds ago. The driver has not received any packets from the server.
	at java.base/jdk.internal.reflect.NativeConstructorAccessorImpl.newInstance0(Native Method)
	at java.base/jdk.internal.reflect.NativeConstructorAccessorImpl.newInstance(NativeConstructorAccessorImpl.java:62)
	at java.base/jdk.internal.reflect.DelegatingConstructorAccessorImpl.newInstance(DelegatingConstructorAccessorImpl.java:45)
	at java.base/java.lang.reflect.Constructor.newInstance(Constructor.java:490)
	at com.mysql.cj.exceptions.ExceptionFactory.createException(ExceptionFactory.java:61)
	at com.mysql.cj.exceptions.ExceptionFactory.createException(ExceptionFactory.java:105)
	at com.mysql.cj.exceptions.ExceptionFactory.createException(ExceptionFactory.java:151)
	at com.mysql.cj.exceptions.ExceptionFactory.createCommunicationsException(ExceptionFactory.java:167)
	at com.mysql.cj.protocol.a.NativeSocketConnection.connect(NativeSocketConnection.java:89)
	at com.mysql.cj.NativeSession.connect(NativeSession.java:120)
	at com.mysql.cj.jdbc.ConnectionImpl.connectOneTryOnly(ConnectionImpl.java:949)
	at com.mysql.cj.jdbc.ConnectionImpl.createNewIO(ConnectionImpl.java:819)
	... 86 common frames omitted
Caused by: java.net.ConnectException: Connection refused: connect
	at java.base/java.net.PlainSocketImpl.connect0(Native Method)
	at java.base/java.net.PlainSocketImpl.socketConnect(PlainSocketImpl.java:101)
	at java.base/java.net.AbstractPlainSocketImpl.doConnect(AbstractPlainSocketImpl.java:412)
	at java.base/java.net.AbstractPlainSocketImpl.connectToAddress(AbstractPlainSocketImpl.java:255)
	at java.base/java.net.AbstractPlainSocketImpl.connect(AbstractPlainSocketImpl.java:237)
	at java.base/java.net.SocksSocketImpl.connect(SocksSocketImpl.java:392)
	at java.base/java.net.Socket.connect(Socket.java:608)
	at com.mysql.cj.protocol.StandardSocketFactory.connect(StandardSocketFactory.java:156)
	at com.mysql.cj.protocol.a.NativeSocketConnection.connect(NativeSocketConnection.java:63)
	... 89 common frames omitted
2022-08-27 18:35 [main] INFO  com.alibaba.druid.pool.DruidDataSource[972] - {dataSource-1} inited
2022-08-27 18:35 [main] WARN  o.s.b.w.s.c.AnnotationConfigServletWebServerApplicationContext[558] - Exception encountered during context initialization - cancelling refresh attempt: org.springframework.context.ApplicationContextException: Unable to start web server; nested exception is org.springframework.beans.factory.BeanCreationException: Error creating bean with name 'tomcatServletWebServerFactory' defined in class path resource [org/springframework/boot/autoconfigure/web/servlet/ServletWebServerFactoryConfiguration$EmbeddedTomcat.class]: BeanPostProcessor before instantiation of bean failed; nested exception is org.springframework.beans.factory.UnsatisfiedDependencyException: Error creating bean with name 'myTransactionConfig': Unsatisfied dependency expressed through field 'platformTransactionManager'; nested exception is org.springframework.beans.factory.UnsatisfiedDependencyException: Error creating bean with name 'transactionManager' defined in class path resource [org/springframework/boot/autoconfigure/jdbc/DataSourceTransactionManagerAutoConfiguration$DataSourceTransactionManagerConfiguration.class]: Unsatisfied dependency expressed through method 'transactionManager' parameter 0; nested exception is org.springframework.beans.factory.BeanCreationException: Error creating bean with name 'dataSource' defined in class path resource [com/alibaba/druid/spring/boot/autoconfigure/DruidDataSourceAutoConfigure.class]: Invocation of init method failed; nested exception is com.mysql.cj.jdbc.exceptions.CommunicationsException: Communications link failure

The last packet sent successfully to the server was 0 milliseconds ago. The driver has not received any packets from the server.
2022-08-27 18:35 [main] INFO  o.s.b.a.l.ConditionEvaluationReportLoggingListener[136] - 

Error starting ApplicationContext. To display the conditions report re-run your application with 'debug' enabled.
2022-08-27 18:35 [main] ERROR org.springframework.boot.SpringApplication[826] - Application run failed
org.springframework.context.ApplicationContextException: Unable to start web server; nested exception is org.springframework.beans.factory.BeanCreationException: Error creating bean with name 'tomcatServletWebServerFactory' defined in class path resource [org/springframework/boot/autoconfigure/web/servlet/ServletWebServerFactoryConfiguration$EmbeddedTomcat.class]: BeanPostProcessor before instantiation of bean failed; nested exception is org.springframework.beans.factory.UnsatisfiedDependencyException: Error creating bean with name 'myTransactionConfig': Unsatisfied dependency expressed through field 'platformTransactionManager'; nested exception is org.springframework.beans.factory.UnsatisfiedDependencyException: Error creating bean with name 'transactionManager' defined in class path resource [org/springframework/boot/autoconfigure/jdbc/DataSourceTransactionManagerAutoConfiguration$DataSourceTransactionManagerConfiguration.class]: Unsatisfied dependency expressed through method 'transactionManager' parameter 0; nested exception is org.springframework.beans.factory.BeanCreationException: Error creating bean with name 'dataSource' defined in class path resource [com/alibaba/druid/spring/boot/autoconfigure/DruidDataSourceAutoConfigure.class]: Invocation of init method failed; nested exception is com.mysql.cj.jdbc.exceptions.CommunicationsException: Communications link failure

The last packet sent successfully to the server was 0 milliseconds ago. The driver has not received any packets from the server.
	at org.springframework.boot.web.servlet.context.ServletWebServerApplicationContext.onRefresh(ServletWebServerApplicationContext.java:156)
	at org.springframework.context.support.AbstractApplicationContext.refresh(AbstractApplicationContext.java:544)
	at org.springframework.boot.web.servlet.context.ServletWebServerApplicationContext.refresh(ServletWebServerApplicationContext.java:141)
	at org.springframework.boot.SpringApplication.refresh(SpringApplication.java:747)
	at org.springframework.boot.SpringApplication.refreshContext(SpringApplication.java:397)
	at org.springframework.boot.SpringApplication.run(SpringApplication.java:315)
	at org.springframework.boot.SpringApplication.run(SpringApplication.java:1226)
	at org.springframework.boot.SpringApplication.run(SpringApplication.java:1215)
	at com.QH.crm.CrmSbApplication.main(CrmSbApplication.java:12)
Caused by: org.springframework.beans.factory.BeanCreationException: Error creating bean with name 'tomcatServletWebServerFactory' defined in class path resource [org/springframework/boot/autoconfigure/web/servlet/ServletWebServerFactoryConfiguration$EmbeddedTomcat.class]: BeanPostProcessor before instantiation of bean failed; nested exception is org.springframework.beans.factory.UnsatisfiedDependencyException: Error creating bean with name 'myTransactionConfig': Unsatisfied dependency expressed through field 'platformTransactionManager'; nested exception is org.springframework.beans.factory.UnsatisfiedDependencyException: Error creating bean with name 'transactionManager' defined in class path resource [org/springframework/boot/autoconfigure/jdbc/DataSourceTransactionManagerAutoConfiguration$DataSourceTransactionManagerConfiguration.class]: Unsatisfied dependency expressed through method 'transactionManager' parameter 0; nested exception is org.springframework.beans.factory.BeanCreationException: Error creating bean with name 'dataSource' defined in class path resource [com/alibaba/druid/spring/boot/autoconfigure/DruidDataSourceAutoConfigure.class]: Invocation of init method failed; nested exception is com.mysql.cj.jdbc.exceptions.CommunicationsException: Communications link failure

The last packet sent successfully to the server was 0 milliseconds ago. The driver has not received any packets from the server.
	at org.springframework.beans.factory.support.AbstractAutowireCapableBeanFactory.createBean(AbstractAutowireCapableBeanFactory.java:512)
	at org.springframework.beans.factory.support.AbstractBeanFactory.lambda$doGetBean$0(AbstractBeanFactory.java:323)
	at org.springframework.beans.factory.support.DefaultSingletonBeanRegistry.getSingleton(DefaultSingletonBeanRegistry.java:222)
	at org.springframework.beans.factory.support.AbstractBeanFactory.doGetBean(AbstractBeanFactory.java:321)
	at org.springframework.beans.factory.support.AbstractBeanFactory.getBean(AbstractBeanFactory.java:207)
	at org.springframework.boot.web.servlet.context.ServletWebServerApplicationContext.getWebServerFactory(ServletWebServerApplicationContext.java:210)
	at org.springframework.boot.web.servlet.context.ServletWebServerApplicationContext.createWebServer(ServletWebServerApplicationContext.java:179)
	at org.springframework.boot.web.servlet.context.ServletWebServerApplicationContext.onRefresh(ServletWebServerApplicationContext.java:153)
	... 8 common frames omitted
Caused by: org.springframework.beans.factory.UnsatisfiedDependencyException: Error creating bean with name 'myTransactionConfig': Unsatisfied dependency expressed through field 'platformTransactionManager'; nested exception is org.springframework.beans.factory.UnsatisfiedDependencyException: Error creating bean with name 'transactionManager' defined in class path resource [org/springframework/boot/autoconfigure/jdbc/DataSourceTransactionManagerAutoConfiguration$DataSourceTransactionManagerConfiguration.class]: Unsatisfied dependency expressed through method 'transactionManager' parameter 0; nested exception is org.springframework.beans.factory.BeanCreationException: Error creating bean with name 'dataSource' defined in class path resource [com/alibaba/druid/spring/boot/autoconfigure/DruidDataSourceAutoConfigure.class]: Invocation of init method failed; nested exception is com.mysql.cj.jdbc.exceptions.CommunicationsException: Communications link failure

The last packet sent successfully to the server was 0 milliseconds ago. The driver has not received any packets from the server.
	at org.springframework.beans.factory.annotation.AutowiredAnnotationBeanPostProcessor$AutowiredFieldElement.inject(AutowiredAnnotationBeanPostProcessor.java:643)
	at org.springframework.beans.factory.annotation.InjectionMetadata.inject(InjectionMetadata.java:130)
	at org.springframework.beans.factory.annotation.AutowiredAnnotationBeanPostProcessor.postProcessProperties(AutowiredAnnotationBeanPostProcessor.java:399)
	at org.springframework.beans.factory.support.AbstractAutowireCapableBeanFactory.populateBean(AbstractAutowireCapableBeanFactory.java:1422)
	at org.springframework.beans.factory.support.AbstractAutowireCapableBeanFactory.doCreateBean(AbstractAutowireCapableBeanFactory.java:594)
	at org.springframework.beans.factory.support.AbstractAutowireCapableBeanFactory.createBean(AbstractAutowireCapableBeanFactory.java:517)
	at org.springframework.beans.factory.support.AbstractBeanFactory.lambda$doGetBean$0(AbstractBeanFactory.java:323)
	at org.springframework.beans.factory.support.DefaultSingletonBeanRegistry.getSingleton(DefaultSingletonBeanRegistry.java:222)
	at org.springframework.beans.factory.support.AbstractBeanFactory.doGetBean(AbstractBeanFactory.java:321)
	at org.springframework.beans.factory.support.AbstractBeanFactory.getBean(AbstractBeanFactory.java:202)
	at org.springframework.beans.factory.support.ConstructorResolver.instantiateUsingFactoryMethod(ConstructorResolver.java:409)
	at org.springframework.beans.factory.support.AbstractAutowireCapableBeanFactory.instantiateUsingFactoryMethod(AbstractAutowireCapableBeanFactory.java:1338)
	at org.springframework.beans.factory.support.AbstractAutowireCapableBeanFactory.createBeanInstance(AbstractAutowireCapableBeanFactory.java:1177)
	at org.springframework.beans.factory.support.AbstractAutowireCapableBeanFactory.doCreateBean(AbstractAutowireCapableBeanFactory.java:557)
	at org.springframework.beans.factory.support.AbstractAutowireCapableBeanFactory.createBean(AbstractAutowireCapableBeanFactory.java:517)
	at org.springframework.beans.factory.support.AbstractBeanFactory.lambda$doGetBean$0(AbstractBeanFactory.java:323)
	at org.springframework.beans.factory.support.DefaultSingletonBeanRegistry.getSingleton(DefaultSingletonBeanRegistry.java:222)
	at org.springframework.beans.factory.support.AbstractBeanFactory.doGetBean(AbstractBeanFactory.java:321)
	at org.springframework.beans.factory.support.AbstractBeanFactory.getBean(AbstractBeanFactory.java:207)
	at org.springframework.aop.framework.autoproxy.BeanFactoryAdvisorRetrievalHelper.findAdvisorBeans(BeanFactoryAdvisorRetrievalHelper.java:91)
	at org.springframework.aop.framework.autoproxy.AbstractAdvisorAutoProxyCreator.findCandidateAdvisors(AbstractAdvisorAutoProxyCreator.java:109)
	at org.springframework.aop.aspectj.annotation.AnnotationAwareAspectJAutoProxyCreator.findCandidateAdvisors(AnnotationAwareAspectJAutoProxyCreator.java:92)
	at org.springframework.aop.aspectj.autoproxy.AspectJAwareAdvisorAutoProxyCreator.shouldSkip(AspectJAwareAdvisorAutoProxyCreator.java:101)
	at org.springframework.aop.framework.autoproxy.AbstractAutoProxyCreator.postProcessBeforeInstantiation(AbstractAutoProxyCreator.java:251)
	at org.springframework.beans.factory.support.AbstractAutowireCapableBeanFactory.applyBeanPostProcessorsBeforeInstantiation(AbstractAutowireCapableBeanFactory.java:1141)
	at org.springframework.beans.factory.support.AbstractAutowireCapableBeanFactory.resolveBeforeInstantiation(AbstractAutowireCapableBeanFactory.java:1114)
	at org.springframework.beans.factory.support.AbstractAutowireCapableBeanFactory.createBean(AbstractAutowireCapableBeanFactory.java:506)
	... 15 common frames omitted
Caused by: org.springframework.beans.factory.UnsatisfiedDependencyException: Error creating bean with name 'transactionManager' defined in class path resource [org/springframework/boot/autoconfigure/jdbc/DataSourceTransactionManagerAutoConfiguration$DataSourceTransactionManagerConfiguration.class]: Unsatisfied dependency expressed through method 'transactionManager' parameter 0; nested exception is org.springframework.beans.factory.BeanCreationException: Error creating bean with name 'dataSource' defined in class path resource [com/alibaba/druid/spring/boot/autoconfigure/DruidDataSourceAutoConfigure.class]: Invocation of init method failed; nested exception is com.mysql.cj.jdbc.exceptions.CommunicationsException: Communications link failure

The last packet sent successfully to the server was 0 milliseconds ago. The driver has not received any packets from the server.
	at org.springframework.beans.factory.support.ConstructorResolver.createArgumentArray(ConstructorResolver.java:798)
	at org.springframework.beans.factory.support.ConstructorResolver.instantiateUsingFactoryMethod(ConstructorResolver.java:539)
	at org.springframework.beans.factory.support.AbstractAutowireCapableBeanFactory.instantiateUsingFactoryMethod(AbstractAutowireCapableBeanFactory.java:1338)
	at org.springframework.beans.factory.support.AbstractAutowireCapableBeanFactory.createBeanInstance(AbstractAutowireCapableBeanFactory.java:1177)
	at org.springframework.beans.factory.support.AbstractAutowireCapableBeanFactory.doCreateBean(AbstractAutowireCapableBeanFactory.java:557)
	at org.springframework.beans.factory.support.AbstractAutowireCapableBeanFactory.createBean(AbstractAutowireCapableBeanFactory.java:517)
	at org.springframework.beans.factory.support.AbstractBeanFactory.lambda$doGetBean$0(AbstractBeanFactory.java:323)
	at org.springframework.beans.factory.support.DefaultSingletonBeanRegistry.getSingleton(DefaultSingletonBeanRegistry.java:222)
	at org.springframework.beans.factory.support.AbstractBeanFactory.doGetBean(AbstractBeanFactory.java:321)
	at org.springframework.beans.factory.support.AbstractBeanFactory.getBean(AbstractBeanFactory.java:202)
	at org.springframework.beans.factory.config.DependencyDescriptor.resolveCandidate(DependencyDescriptor.java:276)
	at org.springframework.beans.factory.support.DefaultListableBeanFactory.doResolveDependency(DefaultListableBeanFactory.java:1290)
	at org.springframework.beans.factory.support.DefaultListableBeanFactory.resolveDependency(DefaultListableBeanFactory.java:1210)
	at org.springframework.beans.factory.annotation.AutowiredAnnotationBeanPostProcessor$AutowiredFieldElement.inject(AutowiredAnnotationBeanPostProcessor.java:640)
	... 41 common frames omitted
Caused by: org.springframework.beans.factory.BeanCreationException: Error creating bean with name 'dataSource' defined in class path resource [com/alibaba/druid/spring/boot/autoconfigure/DruidDataSourceAutoConfigure.class]: Invocation of init method failed; nested exception is com.mysql.cj.jdbc.exceptions.CommunicationsException: Communications link failure

The last packet sent successfully to the server was 0 milliseconds ago. The driver has not received any packets from the server.
	at org.springframework.beans.factory.support.AbstractAutowireCapableBeanFactory.initializeBean(AbstractAutowireCapableBeanFactory.java:1796)
	at org.springframework.beans.factory.support.AbstractAutowireCapableBeanFactory.doCreateBean(AbstractAutowireCapableBeanFactory.java:595)
	at org.springframework.beans.factory.support.AbstractAutowireCapableBeanFactory.createBean(AbstractAutowireCapableBeanFactory.java:517)
	at org.springframework.beans.factory.support.AbstractBeanFactory.lambda$doGetBean$0(AbstractBeanFactory.java:323)
	at org.springframework.beans.factory.support.DefaultSingletonBeanRegistry.getSingleton(DefaultSingletonBeanRegistry.java:222)
	at org.springframework.beans.factory.support.AbstractBeanFactory.doGetBean(AbstractBeanFactory.java:321)
	at org.springframework.beans.factory.support.AbstractBeanFactory.getBean(AbstractBeanFactory.java:202)
	at org.springframework.beans.factory.config.DependencyDescriptor.resolveCandidate(DependencyDescriptor.java:276)
	at org.springframework.beans.factory.support.DefaultListableBeanFactory.doResolveDependency(DefaultListableBeanFactory.java:1290)
	at org.springframework.beans.factory.support.DefaultListableBeanFactory.resolveDependency(DefaultListableBeanFactory.java:1210)
	at org.springframework.beans.factory.support.ConstructorResolver.resolveAutowiredArgument(ConstructorResolver.java:885)
	at org.springframework.beans.factory.support.ConstructorResolver.createArgumentArray(ConstructorResolver.java:789)
	... 54 common frames omitted
Caused by: com.mysql.cj.jdbc.exceptions.CommunicationsException: Communications link failure

The last packet sent successfully to the server was 0 milliseconds ago. The driver has not received any packets from the server.
	at com.mysql.cj.jdbc.exceptions.SQLError.createCommunicationsException(SQLError.java:174)
	at com.mysql.cj.jdbc.exceptions.SQLExceptionsMapping.translateException(SQLExceptionsMapping.java:64)
	at com.mysql.cj.jdbc.ConnectionImpl.createNewIO(ConnectionImpl.java:829)
	at com.mysql.cj.jdbc.ConnectionImpl.<init>(ConnectionImpl.java:449)
	at com.mysql.cj.jdbc.ConnectionImpl.getInstance(ConnectionImpl.java:242)
	at com.mysql.cj.jdbc.NonRegisteringDriver.connect(NonRegisteringDriver.java:198)
	at com.alibaba.druid.filter.FilterChainImpl.connection_connect(FilterChainImpl.java:118)
	at com.alibaba.druid.filter.FilterAdapter.connection_connect(FilterAdapter.java:764)
	at com.alibaba.druid.filter.FilterEventAdapter.connection_connect(FilterEventAdapter.java:33)
	at com.alibaba.druid.filter.FilterChainImpl.connection_connect(FilterChainImpl.java:112)
	at com.alibaba.druid.filter.FilterAdapter.connection_connect(FilterAdapter.java:764)
	at com.alibaba.druid.filter.FilterChainImpl.connection_connect(FilterChainImpl.java:112)
	at com.alibaba.druid.filter.stat.StatFilter.connection_connect(StatFilter.java:232)
	at com.alibaba.druid.filter.FilterChainImpl.connection_connect(FilterChainImpl.java:112)
	at com.alibaba.druid.pool.DruidAbstractDataSource.createPhysicalConnection(DruidAbstractDataSource.java:1645)
	at com.alibaba.druid.pool.DruidAbstractDataSource.createPhysicalConnection(DruidAbstractDataSource.java:1709)
	at com.alibaba.druid.pool.DruidDataSource.init(DruidDataSource.java:901)
	at java.base/jdk.internal.reflect.NativeMethodAccessorImpl.invoke0(Native Method)
	at java.base/jdk.internal.reflect.NativeMethodAccessorImpl.invoke(NativeMethodAccessorImpl.java:62)
	at java.base/jdk.internal.reflect.DelegatingMethodAccessorImpl.invoke(DelegatingMethodAccessorImpl.java:43)
	at java.base/java.lang.reflect.Method.invoke(Method.java:566)
	at org.springframework.beans.factory.support.AbstractAutowireCapableBeanFactory.invokeCustomInitMethod(AbstractAutowireCapableBeanFactory.java:1922)
	at org.springframework.beans.factory.support.AbstractAutowireCapableBeanFactory.invokeInitMethods(AbstractAutowireCapableBeanFactory.java:1864)
	at org.springframework.beans.factory.support.AbstractAutowireCapableBeanFactory.initializeBean(AbstractAutowireCapableBeanFactory.java:1792)
	... 65 common frames omitted
Caused by: com.mysql.cj.exceptions.CJCommunicationsException: Communications link failure

The last packet sent successfully to the server was 0 milliseconds ago. The driver has not received any packets from the server.
	at java.base/jdk.internal.reflect.NativeConstructorAccessorImpl.newInstance0(Native Method)
	at java.base/jdk.internal.reflect.NativeConstructorAccessorImpl.newInstance(NativeConstructorAccessorImpl.java:62)
	at java.base/jdk.internal.reflect.DelegatingConstructorAccessorImpl.newInstance(DelegatingConstructorAccessorImpl.java:45)
	at java.base/java.lang.reflect.Constructor.newInstance(Constructor.java:490)
	at com.mysql.cj.exceptions.ExceptionFactory.createException(ExceptionFactory.java:61)
	at com.mysql.cj.exceptions.ExceptionFactory.createException(ExceptionFactory.java:105)
	at com.mysql.cj.exceptions.ExceptionFactory.createException(ExceptionFactory.java:151)
	at com.mysql.cj.exceptions.ExceptionFactory.createCommunicationsException(ExceptionFactory.java:167)
	at com.mysql.cj.protocol.a.NativeSocketConnection.connect(NativeSocketConnection.java:89)
	at com.mysql.cj.NativeSession.connect(NativeSession.java:120)
	at com.mysql.cj.jdbc.ConnectionImpl.connectOneTryOnly(ConnectionImpl.java:949)
	at com.mysql.cj.jdbc.ConnectionImpl.createNewIO(ConnectionImpl.java:819)
	... 86 common frames omitted
Caused by: java.net.ConnectException: Connection refused: connect
	at java.base/java.net.PlainSocketImpl.connect0(Native Method)
	at java.base/java.net.PlainSocketImpl.socketConnect(PlainSocketImpl.java:101)
	at java.base/java.net.AbstractPlainSocketImpl.doConnect(AbstractPlainSocketImpl.java:412)
	at java.base/java.net.AbstractPlainSocketImpl.connectToAddress(AbstractPlainSocketImpl.java:255)
	at java.base/java.net.AbstractPlainSocketImpl.connect(AbstractPlainSocketImpl.java:237)
	at java.base/java.net.SocksSocketImpl.connect(SocksSocketImpl.java:392)
	at java.base/java.net.Socket.connect(Socket.java:608)
	at com.mysql.cj.protocol.StandardSocketFactory.connect(StandardSocketFactory.java:156)
	at com.mysql.cj.protocol.a.NativeSocketConnection.connect(NativeSocketConnection.java:63)
	... 89 common frames omitted
2022-08-27 18:35 [main] INFO  com.QH.crm.CrmSbApplication[55] - Starting CrmSbApplication on LAPTOP-SS0MP0GN with PID 19752 (D:\06_LocalRepository\CRM_SB\target\classes started by Lenovo in D:\06_LocalRepository\CRM_SB)
2022-08-27 18:35 [main] INFO  com.QH.crm.CrmSbApplication[651] - No active profile set, falling back to default profiles: default
2022-08-27 18:35 [main] INFO  c.a.d.s.b.a.DruidDataSourceAutoConfigure[55] - Init DruidDataSource
2022-08-27 18:35 [main] INFO  com.alibaba.druid.pool.DruidDataSource[972] - {dataSource-1} inited
2022-08-27 18:35 [main] INFO  o.s.boot.web.embedded.tomcat.TomcatWebServer[92] - Tomcat initialized with port(s): 8088 (http)
2022-08-27 18:35 [main] INFO  org.apache.coyote.http11.Http11NioProtocol[173] - Initializing ProtocolHandler ["http-nio-8088"]
2022-08-27 18:35 [main] INFO  org.apache.catalina.core.StandardService[173] - Starting service [Tomcat]
2022-08-27 18:35 [main] INFO  org.apache.catalina.core.StandardEngine[173] - Starting Servlet engine: [Apache Tomcat/9.0.33]
2022-08-27 18:35 [main] INFO  org.apache.jasper.servlet.TldScanner[173] - At least one JAR was scanned for TLDs yet contained no TLDs. Enable debug logging for this logger for a complete list of JARs that were scanned but no TLDs were found in them. Skipping unneeded JARs during scanning can improve startup time and JSP compilation time.
2022-08-27 18:35 [main] INFO  o.a.c.c.ContainerBase.[Tomcat].[localhost].[/crm][173] - Initializing Spring embedded WebApplicationContext
2022-08-27 18:35 [main] INFO  org.springframework.web.context.ContextLoader[284] - Root WebApplicationContext: initialization completed in 1375 ms
2022-08-27 18:35 [main] INFO  o.s.scheduling.concurrent.ThreadPoolTaskExecutor[181] - Initializing ExecutorService 'applicationTaskExecutor'
2022-08-27 18:35 [main] INFO  o.s.b.a.web.servlet.WelcomePageHandlerMapping[58] - Adding welcome page template: index
2022-08-27 18:35 [main] INFO  org.apache.coyote.http11.Http11NioProtocol[173] - Starting ProtocolHandler ["http-nio-8088"]
2022-08-27 18:35 [main] INFO  o.s.boot.web.embedded.tomcat.TomcatWebServer[204] - Tomcat started on port(s): 8088 (http) with context path '/crm'
2022-08-27 18:35 [main] INFO  com.QH.crm.CrmSbApplication[61] - Started CrmSbApplication in 2.261 seconds (JVM running for 2.897)
2022-08-27 18:36 [http-nio-8088-exec-1] INFO  o.a.c.c.ContainerBase.[Tomcat].[localhost].[/crm][173] - Initializing Spring DispatcherServlet 'dispatcherServlet'
2022-08-27 18:36 [http-nio-8088-exec-1] INFO  org.springframework.web.servlet.DispatcherServlet[525] - Initializing Servlet 'dispatcherServlet'
2022-08-27 18:36 [http-nio-8088-exec-1] INFO  org.springframework.web.servlet.DispatcherServlet[547] - Completed initialization in 5 ms
2022-08-27 18:36 [http-nio-8088-exec-1] WARN  org.apache.catalina.util.SessionIdGeneratorBase[173] - Creation of SecureRandom instance for session ID generation using [SHA1PRNG] took [154] milliseconds.
2022-08-27 18:36 [SpringContextShutdownHook] INFO  o.s.scheduling.concurrent.ThreadPoolTaskExecutor[218] - Shutting down ExecutorService 'applicationTaskExecutor'
2022-08-27 18:36 [SpringContextShutdownHook] INFO  com.alibaba.druid.pool.DruidDataSource[2051] - {dataSource-1} closing ...
2022-08-27 18:36 [SpringContextShutdownHook] INFO  com.alibaba.druid.pool.DruidDataSource[2124] - {dataSource-1} closed
2022-08-27 18:36 [main] INFO  com.QH.crm.CrmSbApplication[55] - Starting CrmSbApplication on LAPTOP-SS0MP0GN with PID 16592 (D:\06_LocalRepository\CRM_SB\target\classes started by Lenovo in D:\06_LocalRepository\CRM_SB)
2022-08-27 18:36 [main] INFO  com.QH.crm.CrmSbApplication[651] - No active profile set, falling back to default profiles: default
2022-08-27 18:36 [main] INFO  c.a.d.s.b.a.DruidDataSourceAutoConfigure[55] - Init DruidDataSource
2022-08-27 18:36 [main] INFO  com.alibaba.druid.pool.DruidDataSource[972] - {dataSource-1} inited
2022-08-27 18:36 [main] INFO  o.s.boot.web.embedded.tomcat.TomcatWebServer[92] - Tomcat initialized with port(s): 8088 (http)
2022-08-27 18:36 [main] INFO  org.apache.coyote.http11.Http11NioProtocol[173] - Initializing ProtocolHandler ["http-nio-8088"]
2022-08-27 18:36 [main] INFO  org.apache.catalina.core.StandardService[173] - Starting service [Tomcat]
2022-08-27 18:36 [main] INFO  org.apache.catalina.core.StandardEngine[173] - Starting Servlet engine: [Apache Tomcat/9.0.33]
2022-08-27 18:36 [main] INFO  org.apache.jasper.servlet.TldScanner[173] - At least one JAR was scanned for TLDs yet contained no TLDs. Enable debug logging for this logger for a complete list of JARs that were scanned but no TLDs were found in them. Skipping unneeded JARs during scanning can improve startup time and JSP compilation time.
2022-08-27 18:36 [main] INFO  o.a.c.c.ContainerBase.[Tomcat].[localhost].[/crm][173] - Initializing Spring embedded WebApplicationContext
2022-08-27 18:36 [main] INFO  org.springframework.web.context.ContextLoader[284] - Root WebApplicationContext: initialization completed in 1341 ms
2022-08-27 18:36 [main] INFO  o.s.scheduling.concurrent.ThreadPoolTaskExecutor[181] - Initializing ExecutorService 'applicationTaskExecutor'
2022-08-27 18:36 [main] INFO  o.s.b.a.web.servlet.WelcomePageHandlerMapping[58] - Adding welcome page template: index
2022-08-27 18:36 [main] INFO  org.apache.coyote.http11.Http11NioProtocol[173] - Starting ProtocolHandler ["http-nio-8088"]
2022-08-27 18:36 [main] INFO  o.s.boot.web.embedded.tomcat.TomcatWebServer[204] - Tomcat started on port(s): 8088 (http) with context path '/crm'
2022-08-27 18:36 [main] INFO  com.QH.crm.CrmSbApplication[61] - Started CrmSbApplication in 2.215 seconds (JVM running for 2.875)
2022-08-27 18:36 [http-nio-8088-exec-1] INFO  o.a.c.c.ContainerBase.[Tomcat].[localhost].[/crm][173] - Initializing Spring DispatcherServlet 'dispatcherServlet'
2022-08-27 18:36 [http-nio-8088-exec-1] INFO  org.springframework.web.servlet.DispatcherServlet[525] - Initializing Servlet 'dispatcherServlet'
2022-08-27 18:36 [http-nio-8088-exec-1] INFO  org.springframework.web.servlet.DispatcherServlet[547] - Completed initialization in 5 ms
2022-08-27 18:36 [http-nio-8088-exec-1] WARN  org.apache.catalina.util.SessionIdGeneratorBase[173] - Creation of SecureRandom instance for session ID generation using [SHA1PRNG] took [153] milliseconds.
2022-08-27 18:39 [SpringContextShutdownHook] INFO  o.s.scheduling.concurrent.ThreadPoolTaskExecutor[218] - Shutting down ExecutorService 'applicationTaskExecutor'
2022-08-27 18:39 [SpringContextShutdownHook] INFO  com.alibaba.druid.pool.DruidDataSource[2051] - {dataSource-1} closing ...
2022-08-27 18:39 [SpringContextShutdownHook] INFO  com.alibaba.druid.pool.DruidDataSource[2124] - {dataSource-1} closed
2022-08-27 18:51 [main] INFO  com.QH.crm.CrmSbApplication[55] - Starting CrmSbApplication on LAPTOP-SS0MP0GN with PID 18456 (D:\06_LocalRepository\CRM_SB\target\classes started by Lenovo in D:\06_LocalRepository\CRM_SB)
2022-08-27 18:51 [main] INFO  com.QH.crm.CrmSbApplication[651] - No active profile set, falling back to default profiles: default
2022-08-27 18:51 [main] INFO  c.a.d.s.b.a.DruidDataSourceAutoConfigure[55] - Init DruidDataSource
2022-08-27 18:51 [main] INFO  com.alibaba.druid.pool.DruidDataSource[972] - {dataSource-1} inited
2022-08-27 18:51 [main] INFO  o.s.boot.web.embedded.tomcat.TomcatWebServer[92] - Tomcat initialized with port(s): 8088 (http)
2022-08-27 18:51 [main] INFO  org.apache.coyote.http11.Http11NioProtocol[173] - Initializing ProtocolHandler ["http-nio-8088"]
2022-08-27 18:51 [main] INFO  org.apache.catalina.core.StandardService[173] - Starting service [Tomcat]
2022-08-27 18:51 [main] INFO  org.apache.catalina.core.StandardEngine[173] - Starting Servlet engine: [Apache Tomcat/9.0.33]
2022-08-27 18:51 [main] INFO  org.apache.jasper.servlet.TldScanner[173] - At least one JAR was scanned for TLDs yet contained no TLDs. Enable debug logging for this logger for a complete list of JARs that were scanned but no TLDs were found in them. Skipping unneeded JARs during scanning can improve startup time and JSP compilation time.
2022-08-27 18:51 [main] INFO  o.a.c.c.ContainerBase.[Tomcat].[localhost].[/crm][173] - Initializing Spring embedded WebApplicationContext
2022-08-27 18:51 [main] INFO  org.springframework.web.context.ContextLoader[284] - Root WebApplicationContext: initialization completed in 1380 ms
2022-08-27 18:51 [main] INFO  o.s.scheduling.concurrent.ThreadPoolTaskExecutor[181] - Initializing ExecutorService 'applicationTaskExecutor'
2022-08-27 18:51 [main] INFO  o.s.b.a.web.servlet.WelcomePageHandlerMapping[58] - Adding welcome page template: index
2022-08-27 18:51 [main] INFO  org.apache.coyote.http11.Http11NioProtocol[173] - Starting ProtocolHandler ["http-nio-8088"]
2022-08-27 18:51 [main] INFO  o.s.boot.web.embedded.tomcat.TomcatWebServer[204] - Tomcat started on port(s): 8088 (http) with context path '/crm'
2022-08-27 18:51 [main] INFO  com.QH.crm.CrmSbApplication[61] - Started CrmSbApplication in 2.27 seconds (JVM running for 2.965)
2022-08-27 18:51 [http-nio-8088-exec-1] INFO  o.a.c.c.ContainerBase.[Tomcat].[localhost].[/crm][173] - Initializing Spring DispatcherServlet 'dispatcherServlet'
2022-08-27 18:51 [http-nio-8088-exec-1] INFO  org.springframework.web.servlet.DispatcherServlet[525] - Initializing Servlet 'dispatcherServlet'
2022-08-27 18:51 [http-nio-8088-exec-1] INFO  org.springframework.web.servlet.DispatcherServlet[547] - Completed initialization in 6 ms
2022-08-27 18:51 [http-nio-8088-exec-1] WARN  org.apache.catalina.util.SessionIdGeneratorBase[173] - Creation of SecureRandom instance for session ID generation using [SHA1PRNG] took [153] milliseconds.
2022-08-27 18:53 [SpringContextShutdownHook] INFO  o.s.scheduling.concurrent.ThreadPoolTaskExecutor[218] - Shutting down ExecutorService 'applicationTaskExecutor'
2022-08-27 18:53 [SpringContextShutdownHook] INFO  com.alibaba.druid.pool.DruidDataSource[2051] - {dataSource-1} closing ...
2022-08-27 18:53 [SpringContextShutdownHook] INFO  com.alibaba.druid.pool.DruidDataSource[2124] - {dataSource-1} closed
2022-08-27 20:42 [main] INFO  com.QH.crm.CrmSbApplication[55] - Starting CrmSbApplication on LAPTOP-SS0MP0GN with PID 3152 (D:\06_LocalRepository\CRM_SB\target\classes started by Lenovo in D:\06_LocalRepository\CRM_SB)
2022-08-27 20:42 [main] INFO  com.QH.crm.CrmSbApplication[651] - No active profile set, falling back to default profiles: default
2022-08-27 20:42 [main] INFO  c.a.d.s.b.a.DruidDataSourceAutoConfigure[55] - Init DruidDataSource
2022-08-27 20:42 [main] INFO  com.alibaba.druid.pool.DruidDataSource[972] - {dataSource-1} inited
2022-08-27 20:42 [main] INFO  o.s.boot.web.embedded.tomcat.TomcatWebServer[92] - Tomcat initialized with port(s): 8088 (http)
2022-08-27 20:42 [main] INFO  org.apache.coyote.http11.Http11NioProtocol[173] - Initializing ProtocolHandler ["http-nio-8088"]
2022-08-27 20:42 [main] INFO  org.apache.catalina.core.StandardService[173] - Starting service [Tomcat]
2022-08-27 20:42 [main] INFO  org.apache.catalina.core.StandardEngine[173] - Starting Servlet engine: [Apache Tomcat/9.0.33]
2022-08-27 20:42 [main] INFO  org.apache.jasper.servlet.TldScanner[173] - At least one JAR was scanned for TLDs yet contained no TLDs. Enable debug logging for this logger for a complete list of JARs that were scanned but no TLDs were found in them. Skipping unneeded JARs during scanning can improve startup time and JSP compilation time.
2022-08-27 20:42 [main] INFO  o.a.c.c.ContainerBase.[Tomcat].[localhost].[/crm][173] - Initializing Spring embedded WebApplicationContext
2022-08-27 20:42 [main] INFO  org.springframework.web.context.ContextLoader[284] - Root WebApplicationContext: initialization completed in 1964 ms
2022-08-27 20:42 [main] INFO  o.s.scheduling.concurrent.ThreadPoolTaskExecutor[181] - Initializing ExecutorService 'applicationTaskExecutor'
2022-08-27 20:42 [main] INFO  o.s.b.a.web.servlet.WelcomePageHandlerMapping[58] - Adding welcome page template: index
2022-08-27 20:42 [main] INFO  org.apache.coyote.http11.Http11NioProtocol[173] - Starting ProtocolHandler ["http-nio-8088"]
2022-08-27 20:42 [main] INFO  o.s.boot.web.embedded.tomcat.TomcatWebServer[204] - Tomcat started on port(s): 8088 (http) with context path '/crm'
2022-08-27 20:42 [main] INFO  com.QH.crm.CrmSbApplication[61] - Started CrmSbApplication in 3.27 seconds (JVM running for 4.006)
2022-08-27 20:42 [http-nio-8088-exec-1] INFO  o.a.c.c.ContainerBase.[Tomcat].[localhost].[/crm][173] - Initializing Spring DispatcherServlet 'dispatcherServlet'
2022-08-27 20:42 [http-nio-8088-exec-1] INFO  org.springframework.web.servlet.DispatcherServlet[525] - Initializing Servlet 'dispatcherServlet'
2022-08-27 20:42 [http-nio-8088-exec-1] INFO  org.springframework.web.servlet.DispatcherServlet[547] - Completed initialization in 7 ms
2022-08-27 20:43 [http-nio-8088-exec-1] WARN  org.apache.catalina.util.SessionIdGeneratorBase[173] - Creation of SecureRandom instance for session ID generation using [SHA1PRNG] took [163] milliseconds.
2022-08-27 20:46 [SpringContextShutdownHook] INFO  o.s.scheduling.concurrent.ThreadPoolTaskExecutor[218] - Shutting down ExecutorService 'applicationTaskExecutor'
2022-08-27 20:46 [SpringContextShutdownHook] INFO  com.alibaba.druid.pool.DruidDataSource[2051] - {dataSource-1} closing ...
2022-08-27 20:46 [SpringContextShutdownHook] INFO  com.alibaba.druid.pool.DruidDataSource[2124] - {dataSource-1} closed
